[debug] [2020-12-02T02:55:25.675Z] ----------------------------------------------------------------------
[debug] [2020-12-02T02:55:25.677Z] Command:       /Users/karanchauhan/.nvm/versions/node/v14.5.0/bin/node /Users/karanchauhan/.nvm/versions/node/v14.5.0/bin/firebase emulators:start
[debug] [2020-12-02T02:55:25.677Z] CLI Version:   8.16.2
[debug] [2020-12-02T02:55:25.677Z] Platform:      darwin
[debug] [2020-12-02T02:55:25.677Z] Node Version:  v14.5.0
[debug] [2020-12-02T02:55:25.678Z] Time:          Tue Dec 01 2020 21:55:25 GMT-0500 (Eastern Standard Time)
[debug] [2020-12-02T02:55:25.678Z] ----------------------------------------------------------------------
[debug] [2020-12-02T02:55:25.678Z] 
[debug] [2020-12-02T02:55:25.685Z] > command requires scopes: ["email","openid","https://www.googleapis.com/auth/cloudplatformprojects.readonly","https://www.googleapis.com/auth/firebase","https://www.googleapis.com/auth/cloud-platform"]
[debug] [2020-12-02T02:55:25.686Z] > authorizing via signed-in user
[info] i  emulators: Starting emulators: functions, hosting {"metadata":{"emulator":{"name":"hub"},"message":"Starting emulators: functions, hosting"}}
[debug] [2020-12-02T02:55:25.716Z] [hub] writing locator at /var/folders/p8/0zglc_fj7d7_zjfgnl1sg3yr0000gn/T/hub-clone-d0660.json
[warn] ⚠  functions: The following emulators are not running, calls to these services from the Functions emulator will affect production: auth, firestore, database, pubsub {"metadata":{"emulator":{"name":"functions"},"message":"The following emulators are not running, calls to these services from the Functions emulator will affect production: \u001b[1mauth, firestore, database, pubsub\u001b[22m"}}
[warn] ⚠  Your requested "node" version "12" doesn't match your global version "14" {"metadata":{"emulator":{"name":"functions"},"message":"Your requested \"node\" version \"12\" doesn't match your global version \"14\""}}
[debug] [2020-12-02T02:55:25.757Z] defaultcredentials: writing to file /Users/karanchauhan/.config/firebase/karanchauhan16_gmail_com_application_default_credentials.json
[debug] [2020-12-02T02:55:25.761Z] Setting GAC to /Users/karanchauhan/.config/firebase/karanchauhan16_gmail_com_application_default_credentials.json {"metadata":{"emulator":{"name":"functions"},"message":"Setting GAC to /Users/karanchauhan/.config/firebase/karanchauhan16_gmail_com_application_default_credentials.json"}}
[debug] [2020-12-02T02:55:26.034Z] > refreshing access token with scopes: ["email","https://www.googleapis.com/auth/cloud-platform","https://www.googleapis.com/auth/cloudplatformprojects.readonly","https://www.googleapis.com/auth/firebase","openid"]
[debug] [2020-12-02T02:55:26.034Z] >>> HTTP REQUEST POST https://www.googleapis.com/oauth2/v3/token  
 <request body omitted>
[debug] [2020-12-02T02:55:26.197Z] <<< HTTP RESPONSE 200 {"pragma":"no-cache","expires":"Mon, 01 Jan 1990 00:00:00 GMT","cache-control":"no-cache, no-store, max-age=0, must-revalidate","date":"Wed, 02 Dec 2020 02:55:26 GMT","content-type":"application/json; charset=utf-8","vary":"X-Origin, Referer, Origin,Accept-Encoding","server":"scaffolding on HTTPServer2","x-xss-protection":"0","x-frame-options":"SAMEORIGIN","x-content-type-options":"nosniff","alt-svc":"h3-29=\":443\"; ma=2592000,h3-T051=\":443\"; ma=2592000,h3-Q050=\":443\"; ma=2592000,h3-Q046=\":443\"; ma=2592000,h3-Q043=\":443\"; ma=2592000,quic=\":443\"; ma=2592000; v=\"46,43\"","accept-ranges":"none","transfer-encoding":"chunked"}
[debug] [2020-12-02T02:55:26.210Z] >>> HTTP REQUEST GET https://firebase.googleapis.com/v1beta1/projects/clone-d0660/webApps/-/config  
 
[debug] [2020-12-02T02:55:26.767Z] <<< HTTP RESPONSE 200 {"content-type":"application/json; charset=UTF-8","vary":"X-Origin, Referer, Origin,Accept-Encoding","date":"Wed, 02 Dec 2020 02:55:26 GMT","server":"ESF","cache-control":"private","x-xss-protection":"0","x-frame-options":"SAMEORIGIN","x-content-type-options":"nosniff","alt-svc":"h3-29=\":443\"; ma=2592000,h3-T051=\":443\"; ma=2592000,h3-Q050=\":443\"; ma=2592000,h3-Q046=\":443\"; ma=2592000,h3-Q043=\":443\"; ma=2592000,quic=\":443\"; ma=2592000; v=\"46,43\"","accept-ranges":"none","transfer-encoding":"chunked"}
[info] i  hosting: Serving hosting files from: build {"metadata":{"emulator":{"name":"hosting"},"message":"Serving hosting files from: \u001b[1mbuild\u001b[22m"}}
[info] ✔  hosting: Local server: http://localhost:5000 {"metadata":{"emulator":{"name":"hosting"},"message":"Local server: \u001b[4m\u001b[1mhttp://localhost:5000\u001b[22m\u001b[24m"}}
[debug] [2020-12-02T02:55:26.803Z] Ignoring unsupported arg: auto_download {"metadata":{"emulator":{"name":"ui"},"message":"Ignoring unsupported arg: auto_download"}}
[debug] [2020-12-02T02:55:26.804Z] Ignoring unsupported arg: port {"metadata":{"emulator":{"name":"ui"},"message":"Ignoring unsupported arg: port"}}
[debug] [2020-12-02T02:55:26.804Z] Starting Emulator UI with command {"binary":"node","args":["/Users/karanchauhan/.cache/firebase/emulators/ui-v1.2.2/server.bundle.js"],"optionalArgs":[],"joinArgs":false} {"metadata":{"emulator":{"name":"ui"},"message":"Starting Emulator UI with command {\"binary\":\"node\",\"args\":[\"/Users/karanchauhan/.cache/firebase/emulators/ui-v1.2.2/server.bundle.js\"],\"optionalArgs\":[],\"joinArgs\":false}"}}
[info] i  ui: Emulator UI logging to ui-debug.log {"metadata":{"emulator":{"name":"ui"},"message":"Emulator UI logging to \u001b[1mui-debug.log\u001b[22m"}}
[debug] [2020-12-02T02:55:26.923Z] Web / API server started at http://localhost:4000
 {"metadata":{"emulator":{"name":"ui"},"message":"Web / API server started at http://localhost:4000\n"}}
[info] i  functions: Watching "/Users/karanchauhan/Development/Personal Projects/Amazon-Clone/emporium/functions" for Cloud Functions... {"metadata":{"emulator":{"name":"functions"},"message":"Watching \"/Users/karanchauhan/Development/Personal Projects/Amazon-Clone/emporium/functions\" for Cloud Functions..."}}
[debug] [2020-12-02T02:55:27.076Z] [worker-pool] addWorker(~diagnostic~) {"metadata":{"emulator":{"name":"functions"},"message":"[worker-pool] addWorker(~diagnostic~)"}}
[debug] [2020-12-02T02:55:27.076Z] [worker-pool] Adding worker with key ~diagnostic~, total=1 {"metadata":{"emulator":{"name":"functions"},"message":"[worker-pool] Adding worker with key ~diagnostic~, total=1"}}
[debug] [2020-12-02T02:55:27.076Z] [worker-pool] submitWork(triggerId=) {"metadata":{"emulator":{"name":"functions"},"message":"[worker-pool] submitWork(triggerId=)"}}
[debug] [2020-12-02T02:55:27.077Z] [worker-~diagnostic~-e906f941-85cf-42da-9ab4-ba3ebebaa63d]: Assigning socketPath: /var/folders/p8/0zglc_fj7d7_zjfgnl1sg3yr0000gn/T/fire_emu_89139.sock {"metadata":{"emulator":{"name":"functions"},"message":"[worker-~diagnostic~-e906f941-85cf-42da-9ab4-ba3ebebaa63d]: Assigning socketPath: /var/folders/p8/0zglc_fj7d7_zjfgnl1sg3yr0000gn/T/fire_emu_89139.sock"}}
[debug] [2020-12-02T02:55:27.077Z] [worker-~diagnostic~-e906f941-85cf-42da-9ab4-ba3ebebaa63d]: BUSY {"metadata":{"emulator":{"name":"functions"},"message":"[worker-~diagnostic~-e906f941-85cf-42da-9ab4-ba3ebebaa63d]: BUSY"}}
[debug] [2020-12-02T02:55:27.403Z] [runtime-status] [89139] Functions runtime initialized. {"cwd":"/Users/karanchauhan/Development/Personal Projects/Amazon-Clone/emporium/functions","node_version":"14.5.0"} {"metadata":{"emulator":{"name":"functions"},"message":"[runtime-status] [89139] Functions runtime initialized. {\"cwd\":\"/Users/karanchauhan/Development/Personal Projects/Amazon-Clone/emporium/functions\",\"node_version\":\"14.5.0\"}"}}
[debug] [2020-12-02T02:55:27.405Z] [runtime-status] [89139] Disabled runtime features: undefined {"metadata":{"emulator":{"name":"functions"},"message":"[runtime-status] [89139] Disabled runtime features: undefined"}}
[debug] [2020-12-02T02:55:27.413Z] [runtime-status] [89139] Resolved module firebase-admin {"declared":true,"installed":true,"version":"9.4.1","resolution":"/Users/karanchauhan/Development/Personal Projects/Amazon-Clone/emporium/functions/node_modules/firebase-admin/lib/index.js"} {"metadata":{"emulator":{"name":"functions"},"message":"[runtime-status] [89139] Resolved module firebase-admin {\"declared\":true,\"installed\":true,\"version\":\"9.4.1\",\"resolution\":\"/Users/karanchauhan/Development/Personal Projects/Amazon-Clone/emporium/functions/node_modules/firebase-admin/lib/index.js\"}"}}
[debug] [2020-12-02T02:55:27.416Z] [runtime-status] [89139] Resolved module firebase-functions {"declared":true,"installed":true,"version":"3.12.0","resolution":"/Users/karanchauhan/Development/Personal Projects/Amazon-Clone/emporium/functions/node_modules/firebase-functions/lib/index.js"} {"metadata":{"emulator":{"name":"functions"},"message":"[runtime-status] [89139] Resolved module firebase-functions {\"declared\":true,\"installed\":true,\"version\":\"3.12.0\",\"resolution\":\"/Users/karanchauhan/Development/Personal Projects/Amazon-Clone/emporium/functions/node_modules/firebase-functions/lib/index.js\"}"}}
[debug] [2020-12-02T02:55:27.418Z] [runtime-status] [89139] Resolved module firebase-functions {"declared":true,"installed":true,"version":"3.12.0","resolution":"/Users/karanchauhan/Development/Personal Projects/Amazon-Clone/emporium/functions/node_modules/firebase-functions/lib/index.js"} {"metadata":{"emulator":{"name":"functions"},"message":"[runtime-status] [89139] Resolved module firebase-functions {\"declared\":true,\"installed\":true,\"version\":\"3.12.0\",\"resolution\":\"/Users/karanchauhan/Development/Personal Projects/Amazon-Clone/emporium/functions/node_modules/firebase-functions/lib/index.js\"}"}}
[debug] [2020-12-02T02:55:27.420Z] [runtime-status] [89139] Outgoing network have been stubbed. [{"name":"http","status":"mocked"},{"name":"http","status":"mocked"},{"name":"https","status":"mocked"},{"name":"https","status":"mocked"},{"name":"net","status":"mocked"}] {"metadata":{"emulator":{"name":"functions"},"message":"[runtime-status] [89139] Outgoing network have been stubbed. [{\"name\":\"http\",\"status\":\"mocked\"},{\"name\":\"http\",\"status\":\"mocked\"},{\"name\":\"https\",\"status\":\"mocked\"},{\"name\":\"https\",\"status\":\"mocked\"},{\"name\":\"net\",\"status\":\"mocked\"}]"}}
[debug] [2020-12-02T02:55:27.420Z] [runtime-status] [89139] Resolved module firebase-functions {"declared":true,"installed":true,"version":"3.12.0","resolution":"/Users/karanchauhan/Development/Personal Projects/Amazon-Clone/emporium/functions/node_modules/firebase-functions/lib/index.js"} {"metadata":{"emulator":{"name":"functions"},"message":"[runtime-status] [89139] Resolved module firebase-functions {\"declared\":true,\"installed\":true,\"version\":\"3.12.0\",\"resolution\":\"/Users/karanchauhan/Development/Personal Projects/Amazon-Clone/emporium/functions/node_modules/firebase-functions/lib/index.js\"}"}}
[debug] [2020-12-02T02:55:27.504Z] [runtime-status] [89139] Checked functions.config() {"config":{}} {"metadata":{"emulator":{"name":"functions"},"message":"[runtime-status] [89139] Checked functions.config() {\"config\":{}}"}}
[debug] [2020-12-02T02:55:27.505Z] [runtime-status] [89139] firebase-functions has been stubbed. {"functionsResolution":{"declared":true,"installed":true,"version":"3.12.0","resolution":"/Users/karanchauhan/Development/Personal Projects/Amazon-Clone/emporium/functions/node_modules/firebase-functions/lib/index.js"}} {"metadata":{"emulator":{"name":"functions"},"message":"[runtime-status] [89139] firebase-functions has been stubbed. {\"functionsResolution\":{\"declared\":true,\"installed\":true,\"version\":\"3.12.0\",\"resolution\":\"/Users/karanchauhan/Development/Personal Projects/Amazon-Clone/emporium/functions/node_modules/firebase-functions/lib/index.js\"}}"}}
[debug] [2020-12-02T02:55:27.507Z] [runtime-status] [89139] Resolved module firebase-functions {"declared":true,"installed":true,"version":"3.12.0","resolution":"/Users/karanchauhan/Development/Personal Projects/Amazon-Clone/emporium/functions/node_modules/firebase-functions/lib/index.js"} {"metadata":{"emulator":{"name":"functions"},"message":"[runtime-status] [89139] Resolved module firebase-functions {\"declared\":true,\"installed\":true,\"version\":\"3.12.0\",\"resolution\":\"/Users/karanchauhan/Development/Personal Projects/Amazon-Clone/emporium/functions/node_modules/firebase-functions/lib/index.js\"}"}}
[debug] [2020-12-02T02:55:27.508Z] [runtime-status] [89139] Resolved module firebase-admin {"declared":true,"installed":true,"version":"9.4.1","resolution":"/Users/karanchauhan/Development/Personal Projects/Amazon-Clone/emporium/functions/node_modules/firebase-admin/lib/index.js"} {"metadata":{"emulator":{"name":"functions"},"message":"[runtime-status] [89139] Resolved module firebase-admin {\"declared\":true,\"installed\":true,\"version\":\"9.4.1\",\"resolution\":\"/Users/karanchauhan/Development/Personal Projects/Amazon-Clone/emporium/functions/node_modules/firebase-admin/lib/index.js\"}"}}
[debug] [2020-12-02T02:55:27.508Z] [runtime-status] [89139] Resolved module firebase-functions {"declared":true,"installed":true,"version":"3.12.0","resolution":"/Users/karanchauhan/Development/Personal Projects/Amazon-Clone/emporium/functions/node_modules/firebase-functions/lib/index.js"} {"metadata":{"emulator":{"name":"functions"},"message":"[runtime-status] [89139] Resolved module firebase-functions {\"declared\":true,\"installed\":true,\"version\":\"3.12.0\",\"resolution\":\"/Users/karanchauhan/Development/Personal Projects/Amazon-Clone/emporium/functions/node_modules/firebase-functions/lib/index.js\"}"}}
[debug] [2020-12-02T02:55:27.508Z] [runtime-status] [89139] firebase-admin has been stubbed. {"adminResolution":{"declared":true,"installed":true,"version":"9.4.1","resolution":"/Users/karanchauhan/Development/Personal Projects/Amazon-Clone/emporium/functions/node_modules/firebase-admin/lib/index.js"}} {"metadata":{"emulator":{"name":"functions"},"message":"[runtime-status] [89139] firebase-admin has been stubbed. {\"adminResolution\":{\"declared\":true,\"installed\":true,\"version\":\"9.4.1\",\"resolution\":\"/Users/karanchauhan/Development/Personal Projects/Amazon-Clone/emporium/functions/node_modules/firebase-admin/lib/index.js\"}}"}}
[info] ✔  functions[api]: http function initialized (http://localhost:5001/clone-d0660/us-central1/api). {"metadata":{"emulator":{"name":"functions"},"message":"\u001b[1mhttp\u001b[22m function initialized (http://localhost:5001/clone-d0660/us-central1/api)."}}
[info] 
┌────────────────────────────────────────────────────────────────┐
│ ✔  All emulators ready! View status and logs at localhost:4000 │
└────────────────────────────────────────────────────────────────┘

┌───────────┬────────────────┬──────────────────────────┐
│ Emulator  │ Host:Port      │ View in Emulator UI      │
├───────────┼────────────────┼──────────────────────────┤
│ Functions │ localhost:5001 │ localhost:4000/functions │
├───────────┼────────────────┼──────────────────────────┤
│ Hosting   │ localhost:5000 │ n/a                      │
└───────────┴────────────────┴──────────────────────────┘
  Other reserved ports: 4400, 4500

Issues? Report them at https://github.com/firebase/firebase-tools/issues and attach the *-debug.log files.
 
[debug] [2020-12-02T02:55:27.724Z] [worker-~diagnostic~-e906f941-85cf-42da-9ab4-ba3ebebaa63d]: IDLE {"metadata":{"emulator":{"name":"functions"},"message":"[worker-~diagnostic~-e906f941-85cf-42da-9ab4-ba3ebebaa63d]: IDLE"}}
[debug] [2020-12-02T02:56:09.734Z] [work-queue] {"queueLength":1,"workRunningCount":0}
[debug] [2020-12-02T02:56:09.734Z] [work-queue] {"queueLength":0,"workRunningCount":1}
[debug] [2020-12-02T02:56:09.735Z] Accepted request GET /clone-d0660/us-central1/api --> api
[debug] [2020-12-02T02:56:09.740Z] [worker-pool] addWorker(api) {"metadata":{"emulator":{"name":"functions"},"message":"[worker-pool] addWorker(api)"}}
[debug] [2020-12-02T02:56:09.741Z] [worker-pool] Adding worker with key api, total=1 {"metadata":{"emulator":{"name":"functions"},"message":"[worker-pool] Adding worker with key api, total=1"}}
[debug] [2020-12-02T02:56:09.741Z] [worker-pool] submitWork(triggerId=api) {"metadata":{"emulator":{"name":"functions"},"message":"[worker-pool] submitWork(triggerId=api)"}}
[debug] [2020-12-02T02:56:09.741Z] [worker-api-17af3539-719d-4da9-9567-f517c7422351]: Assigning socketPath: /var/folders/p8/0zglc_fj7d7_zjfgnl1sg3yr0000gn/T/fire_emu_89166.sock {"metadata":{"emulator":{"name":"functions"},"message":"[worker-api-17af3539-719d-4da9-9567-f517c7422351]: Assigning socketPath: /var/folders/p8/0zglc_fj7d7_zjfgnl1sg3yr0000gn/T/fire_emu_89166.sock"}}
[debug] [2020-12-02T02:56:09.741Z] [worker-api-17af3539-719d-4da9-9567-f517c7422351]: BUSY {"metadata":{"emulator":{"name":"functions"},"message":"[worker-api-17af3539-719d-4da9-9567-f517c7422351]: BUSY"}}
[debug] [2020-12-02T02:56:10.345Z] [runtime-status] [89166] Functions runtime initialized. {"cwd":"/Users/karanchauhan/Development/Personal Projects/Amazon-Clone/emporium/functions","node_version":"14.5.0"} {"metadata":{"emulator":{"name":"functions"},"function":{"name":"api"},"message":"[runtime-status] [89166] Functions runtime initialized. {\"cwd\":\"/Users/karanchauhan/Development/Personal Projects/Amazon-Clone/emporium/functions\",\"node_version\":\"14.5.0\"}"}}
[debug] [2020-12-02T02:56:10.347Z] [runtime-status] [89166] Disabled runtime features: undefined {"metadata":{"emulator":{"name":"functions"},"function":{"name":"api"},"message":"[runtime-status] [89166] Disabled runtime features: undefined"}}
[debug] [2020-12-02T02:56:10.350Z] [runtime-status] [89166] Resolved module firebase-admin {"declared":true,"installed":true,"version":"9.4.1","resolution":"/Users/karanchauhan/Development/Personal Projects/Amazon-Clone/emporium/functions/node_modules/firebase-admin/lib/index.js"} {"metadata":{"emulator":{"name":"functions"},"function":{"name":"api"},"message":"[runtime-status] [89166] Resolved module firebase-admin {\"declared\":true,\"installed\":true,\"version\":\"9.4.1\",\"resolution\":\"/Users/karanchauhan/Development/Personal Projects/Amazon-Clone/emporium/functions/node_modules/firebase-admin/lib/index.js\"}"}}
[debug] [2020-12-02T02:56:10.353Z] [runtime-status] [89166] Resolved module firebase-functions {"declared":true,"installed":true,"version":"3.12.0","resolution":"/Users/karanchauhan/Development/Personal Projects/Amazon-Clone/emporium/functions/node_modules/firebase-functions/lib/index.js"} {"metadata":{"emulator":{"name":"functions"},"function":{"name":"api"},"message":"[runtime-status] [89166] Resolved module firebase-functions {\"declared\":true,\"installed\":true,\"version\":\"3.12.0\",\"resolution\":\"/Users/karanchauhan/Development/Personal Projects/Amazon-Clone/emporium/functions/node_modules/firebase-functions/lib/index.js\"}"}}
[debug] [2020-12-02T02:56:10.355Z] [runtime-status] [89166] Resolved module firebase-functions {"declared":true,"installed":true,"version":"3.12.0","resolution":"/Users/karanchauhan/Development/Personal Projects/Amazon-Clone/emporium/functions/node_modules/firebase-functions/lib/index.js"} {"metadata":{"emulator":{"name":"functions"},"function":{"name":"api"},"message":"[runtime-status] [89166] Resolved module firebase-functions {\"declared\":true,\"installed\":true,\"version\":\"3.12.0\",\"resolution\":\"/Users/karanchauhan/Development/Personal Projects/Amazon-Clone/emporium/functions/node_modules/firebase-functions/lib/index.js\"}"}}
[debug] [2020-12-02T02:56:10.356Z] [runtime-status] [89166] Outgoing network have been stubbed. [{"name":"http","status":"mocked"},{"name":"http","status":"mocked"},{"name":"https","status":"mocked"},{"name":"https","status":"mocked"},{"name":"net","status":"mocked"}] {"metadata":{"emulator":{"name":"functions"},"function":{"name":"api"},"message":"[runtime-status] [89166] Outgoing network have been stubbed. [{\"name\":\"http\",\"status\":\"mocked\"},{\"name\":\"http\",\"status\":\"mocked\"},{\"name\":\"https\",\"status\":\"mocked\"},{\"name\":\"https\",\"status\":\"mocked\"},{\"name\":\"net\",\"status\":\"mocked\"}]"}}
[debug] [2020-12-02T02:56:10.357Z] [runtime-status] [89166] Resolved module firebase-functions {"declared":true,"installed":true,"version":"3.12.0","resolution":"/Users/karanchauhan/Development/Personal Projects/Amazon-Clone/emporium/functions/node_modules/firebase-functions/lib/index.js"} {"metadata":{"emulator":{"name":"functions"},"function":{"name":"api"},"message":"[runtime-status] [89166] Resolved module firebase-functions {\"declared\":true,\"installed\":true,\"version\":\"3.12.0\",\"resolution\":\"/Users/karanchauhan/Development/Personal Projects/Amazon-Clone/emporium/functions/node_modules/firebase-functions/lib/index.js\"}"}}
[debug] [2020-12-02T02:56:10.417Z] [runtime-status] [89166] Checked functions.config() {"config":{}} {"metadata":{"emulator":{"name":"functions"},"function":{"name":"api"},"message":"[runtime-status] [89166] Checked functions.config() {\"config\":{}}"}}
[debug] [2020-12-02T02:56:10.417Z] [runtime-status] [89166] firebase-functions has been stubbed. {"functionsResolution":{"declared":true,"installed":true,"version":"3.12.0","resolution":"/Users/karanchauhan/Development/Personal Projects/Amazon-Clone/emporium/functions/node_modules/firebase-functions/lib/index.js"}} {"metadata":{"emulator":{"name":"functions"},"function":{"name":"api"},"message":"[runtime-status] [89166] firebase-functions has been stubbed. {\"functionsResolution\":{\"declared\":true,\"installed\":true,\"version\":\"3.12.0\",\"resolution\":\"/Users/karanchauhan/Development/Personal Projects/Amazon-Clone/emporium/functions/node_modules/firebase-functions/lib/index.js\"}}"}}
[debug] [2020-12-02T02:56:10.418Z] [runtime-status] [89166] Resolved module firebase-functions {"declared":true,"installed":true,"version":"3.12.0","resolution":"/Users/karanchauhan/Development/Personal Projects/Amazon-Clone/emporium/functions/node_modules/firebase-functions/lib/index.js"} {"metadata":{"emulator":{"name":"functions"},"function":{"name":"api"},"message":"[runtime-status] [89166] Resolved module firebase-functions {\"declared\":true,\"installed\":true,\"version\":\"3.12.0\",\"resolution\":\"/Users/karanchauhan/Development/Personal Projects/Amazon-Clone/emporium/functions/node_modules/firebase-functions/lib/index.js\"}"}}
[debug] [2020-12-02T02:56:10.420Z] [runtime-status] [89166] Resolved module firebase-admin {"declared":true,"installed":true,"version":"9.4.1","resolution":"/Users/karanchauhan/Development/Personal Projects/Amazon-Clone/emporium/functions/node_modules/firebase-admin/lib/index.js"} {"metadata":{"emulator":{"name":"functions"},"function":{"name":"api"},"message":"[runtime-status] [89166] Resolved module firebase-admin {\"declared\":true,\"installed\":true,\"version\":\"9.4.1\",\"resolution\":\"/Users/karanchauhan/Development/Personal Projects/Amazon-Clone/emporium/functions/node_modules/firebase-admin/lib/index.js\"}"}}
[debug] [2020-12-02T02:56:10.421Z] [runtime-status] [89166] Resolved module firebase-functions {"declared":true,"installed":true,"version":"3.12.0","resolution":"/Users/karanchauhan/Development/Personal Projects/Amazon-Clone/emporium/functions/node_modules/firebase-functions/lib/index.js"} {"metadata":{"emulator":{"name":"functions"},"function":{"name":"api"},"message":"[runtime-status] [89166] Resolved module firebase-functions {\"declared\":true,\"installed\":true,\"version\":\"3.12.0\",\"resolution\":\"/Users/karanchauhan/Development/Personal Projects/Amazon-Clone/emporium/functions/node_modules/firebase-functions/lib/index.js\"}"}}
[debug] [2020-12-02T02:56:10.421Z] [runtime-status] [89166] firebase-admin has been stubbed. {"adminResolution":{"declared":true,"installed":true,"version":"9.4.1","resolution":"/Users/karanchauhan/Development/Personal Projects/Amazon-Clone/emporium/functions/node_modules/firebase-admin/lib/index.js"}} {"metadata":{"emulator":{"name":"functions"},"function":{"name":"api"},"message":"[runtime-status] [89166] firebase-admin has been stubbed. {\"adminResolution\":{\"declared\":true,\"installed\":true,\"version\":\"9.4.1\",\"resolution\":\"/Users/karanchauhan/Development/Personal Projects/Amazon-Clone/emporium/functions/node_modules/firebase-admin/lib/index.js\"}}"}}
[debug] [2020-12-02T02:56:10.614Z] [runtime-status] [89166] Trigger "api" has been found, beginning invocation! {"metadata":{"emulator":{"name":"functions"},"function":{"name":"api"},"message":"[runtime-status] [89166] Trigger \"api\" has been found, beginning invocation!"}}
[info] i  functions: Beginning execution of "api" {"metadata":{"emulator":{"name":"functions"},"function":{"name":"api"},"message":"Beginning execution of \"api\""}}
[debug] [2020-12-02T02:56:10.615Z] [runtime-status] [89166] triggerDefinition {"httpsTrigger":{},"name":"api","entryPoint":"api"} {"metadata":{"emulator":{"name":"functions"},"function":{"name":"api"},"message":"[runtime-status] [89166] triggerDefinition {\"httpsTrigger\":{},\"name\":\"api\",\"entryPoint\":\"api\"}"}}
[debug] [2020-12-02T02:56:10.615Z] [runtime-status] [89166] Running api in mode HTTPS {"metadata":{"emulator":{"name":"functions"},"function":{"name":"api"},"message":"[runtime-status] [89166] Running api in mode HTTPS"}}
[debug] [2020-12-02T02:56:10.618Z] [runtime-status] [89166] Attempting to listen to socketPath: /var/folders/p8/0zglc_fj7d7_zjfgnl1sg3yr0000gn/T/fire_emu_89166.sock {"metadata":{"emulator":{"name":"functions"},"function":{"name":"api"},"message":"[runtime-status] [89166] Attempting to listen to socketPath: /var/folders/p8/0zglc_fj7d7_zjfgnl1sg3yr0000gn/T/fire_emu_89166.sock"}}
[debug] [2020-12-02T02:56:10.624Z] [functions] Runtime ready! Sending request! {"metadata":{"emulator":{"name":"functions"},"message":"[functions] Runtime ready! Sending request!"}}
[debug] [2020-12-02T02:56:10.631Z] [runtime-status] [89166] Ephemeral server handling GET request {"metadata":{"emulator":{"name":"functions"},"function":{"name":"api"},"message":"[runtime-status] [89166] Ephemeral server handling GET request"}}
[debug] [2020-12-02T02:56:10.639Z] [runtime-status] [89166] Ephemeral server survived. {"metadata":{"emulator":{"name":"functions"},"function":{"name":"api"},"message":"[runtime-status] [89166] Ephemeral server survived."}}
[info] i  functions: Finished "api" in ~1s {"metadata":{"emulator":{"name":"functions"},"function":{"name":"api"},"message":"Finished \"api\" in ~1s"}}
[debug] [2020-12-02T02:56:10.642Z] [worker-api-17af3539-719d-4da9-9567-f517c7422351]: IDLE {"metadata":{"emulator":{"name":"functions"},"message":"[worker-api-17af3539-719d-4da9-9567-f517c7422351]: IDLE"}}
[debug] [2020-12-02T02:56:10.643Z] [work-queue] {"queueLength":0,"workRunningCount":0}
[debug] [2020-12-02T02:56:18.074Z] File /Users/karanchauhan/Development/Personal Projects/Amazon-Clone/emporium/functions/index.js changed, reloading triggers {"metadata":{"emulator":{"name":"functions"},"message":"File /Users/karanchauhan/Development/Personal Projects/Amazon-Clone/emporium/functions/index.js changed, reloading triggers"}}
[debug] [2020-12-02T02:56:19.080Z] [worker-pool] Shutting down IDLE worker (~diagnostic~) {"metadata":{"emulator":{"name":"functions"},"message":"[worker-pool] Shutting down IDLE worker (~diagnostic~)"}}
[debug] [2020-12-02T02:56:19.080Z] [worker-~diagnostic~-e906f941-85cf-42da-9ab4-ba3ebebaa63d]: FINISHING {"metadata":{"emulator":{"name":"functions"},"message":"[worker-~diagnostic~-e906f941-85cf-42da-9ab4-ba3ebebaa63d]: FINISHING"}}
[debug] [2020-12-02T02:56:19.081Z] [worker-pool] Shutting down IDLE worker (api) {"metadata":{"emulator":{"name":"functions"},"message":"[worker-pool] Shutting down IDLE worker (api)"}}
[debug] [2020-12-02T02:56:19.081Z] [worker-api-17af3539-719d-4da9-9567-f517c7422351]: FINISHING {"metadata":{"emulator":{"name":"functions"},"message":"[worker-api-17af3539-719d-4da9-9567-f517c7422351]: FINISHING"}}
[debug] [2020-12-02T02:56:19.088Z] [worker-pool] addWorker(~diagnostic~) {"metadata":{"emulator":{"name":"functions"},"message":"[worker-pool] addWorker(~diagnostic~)"}}
[debug] [2020-12-02T02:56:19.088Z] [worker-pool] Adding worker with key ~diagnostic~, total=2 {"metadata":{"emulator":{"name":"functions"},"message":"[worker-pool] Adding worker with key ~diagnostic~, total=2"}}
[debug] [2020-12-02T02:56:19.088Z] [worker-pool] submitWork(triggerId=) {"metadata":{"emulator":{"name":"functions"},"message":"[worker-pool] submitWork(triggerId=)"}}
[debug] [2020-12-02T02:56:19.088Z] [worker-~diagnostic~-6b5aa878-8c56-4ea0-8db7-433585e2b8ce]: Assigning socketPath: /var/folders/p8/0zglc_fj7d7_zjfgnl1sg3yr0000gn/T/fire_emu_89168.sock {"metadata":{"emulator":{"name":"functions"},"message":"[worker-~diagnostic~-6b5aa878-8c56-4ea0-8db7-433585e2b8ce]: Assigning socketPath: /var/folders/p8/0zglc_fj7d7_zjfgnl1sg3yr0000gn/T/fire_emu_89168.sock"}}
[debug] [2020-12-02T02:56:19.088Z] [worker-~diagnostic~-6b5aa878-8c56-4ea0-8db7-433585e2b8ce]: BUSY {"metadata":{"emulator":{"name":"functions"},"message":"[worker-~diagnostic~-6b5aa878-8c56-4ea0-8db7-433585e2b8ce]: BUSY"}}
[debug] [2020-12-02T02:56:19.090Z] [worker-~diagnostic~-e906f941-85cf-42da-9ab4-ba3ebebaa63d]: exited {"metadata":{"emulator":{"name":"functions"},"message":"[worker-~diagnostic~-e906f941-85cf-42da-9ab4-ba3ebebaa63d]: exited"}}
[debug] [2020-12-02T02:56:19.090Z] [worker-~diagnostic~-e906f941-85cf-42da-9ab4-ba3ebebaa63d]: FINISHED {"metadata":{"emulator":{"name":"functions"},"message":"[worker-~diagnostic~-e906f941-85cf-42da-9ab4-ba3ebebaa63d]: FINISHED"}}
[debug] [2020-12-02T02:56:19.090Z] [worker-api-17af3539-719d-4da9-9567-f517c7422351]: exited {"metadata":{"emulator":{"name":"functions"},"message":"[worker-api-17af3539-719d-4da9-9567-f517c7422351]: exited"}}
[debug] [2020-12-02T02:56:19.091Z] [worker-api-17af3539-719d-4da9-9567-f517c7422351]: FINISHED {"metadata":{"emulator":{"name":"functions"},"message":"[worker-api-17af3539-719d-4da9-9567-f517c7422351]: FINISHED"}}
[debug] [2020-12-02T02:56:19.391Z] [runtime-status] [89168] Functions runtime initialized. {"cwd":"/Users/karanchauhan/Development/Personal Projects/Amazon-Clone/emporium/functions","node_version":"14.5.0"} {"metadata":{"emulator":{"name":"functions"},"message":"[runtime-status] [89168] Functions runtime initialized. {\"cwd\":\"/Users/karanchauhan/Development/Personal Projects/Amazon-Clone/emporium/functions\",\"node_version\":\"14.5.0\"}"}}
[debug] [2020-12-02T02:56:19.393Z] [runtime-status] [89168] Disabled runtime features: undefined {"metadata":{"emulator":{"name":"functions"},"message":"[runtime-status] [89168] Disabled runtime features: undefined"}}
[debug] [2020-12-02T02:56:19.396Z] [runtime-status] [89168] Resolved module firebase-admin {"declared":true,"installed":true,"version":"9.4.1","resolution":"/Users/karanchauhan/Development/Personal Projects/Amazon-Clone/emporium/functions/node_modules/firebase-admin/lib/index.js"} {"metadata":{"emulator":{"name":"functions"},"message":"[runtime-status] [89168] Resolved module firebase-admin {\"declared\":true,\"installed\":true,\"version\":\"9.4.1\",\"resolution\":\"/Users/karanchauhan/Development/Personal Projects/Amazon-Clone/emporium/functions/node_modules/firebase-admin/lib/index.js\"}"}}
[debug] [2020-12-02T02:56:19.397Z] [runtime-status] [89168] Resolved module firebase-functions {"declared":true,"installed":true,"version":"3.12.0","resolution":"/Users/karanchauhan/Development/Personal Projects/Amazon-Clone/emporium/functions/node_modules/firebase-functions/lib/index.js"} {"metadata":{"emulator":{"name":"functions"},"message":"[runtime-status] [89168] Resolved module firebase-functions {\"declared\":true,\"installed\":true,\"version\":\"3.12.0\",\"resolution\":\"/Users/karanchauhan/Development/Personal Projects/Amazon-Clone/emporium/functions/node_modules/firebase-functions/lib/index.js\"}"}}
[debug] [2020-12-02T02:56:19.400Z] [runtime-status] [89168] Resolved module firebase-functions {"declared":true,"installed":true,"version":"3.12.0","resolution":"/Users/karanchauhan/Development/Personal Projects/Amazon-Clone/emporium/functions/node_modules/firebase-functions/lib/index.js"} {"metadata":{"emulator":{"name":"functions"},"message":"[runtime-status] [89168] Resolved module firebase-functions {\"declared\":true,\"installed\":true,\"version\":\"3.12.0\",\"resolution\":\"/Users/karanchauhan/Development/Personal Projects/Amazon-Clone/emporium/functions/node_modules/firebase-functions/lib/index.js\"}"}}
[debug] [2020-12-02T02:56:19.401Z] [runtime-status] [89168] Outgoing network have been stubbed. [{"name":"http","status":"mocked"},{"name":"http","status":"mocked"},{"name":"https","status":"mocked"},{"name":"https","status":"mocked"},{"name":"net","status":"mocked"}] {"metadata":{"emulator":{"name":"functions"},"message":"[runtime-status] [89168] Outgoing network have been stubbed. [{\"name\":\"http\",\"status\":\"mocked\"},{\"name\":\"http\",\"status\":\"mocked\"},{\"name\":\"https\",\"status\":\"mocked\"},{\"name\":\"https\",\"status\":\"mocked\"},{\"name\":\"net\",\"status\":\"mocked\"}]"}}
[debug] [2020-12-02T02:56:19.402Z] [runtime-status] [89168] Resolved module firebase-functions {"declared":true,"installed":true,"version":"3.12.0","resolution":"/Users/karanchauhan/Development/Personal Projects/Amazon-Clone/emporium/functions/node_modules/firebase-functions/lib/index.js"} {"metadata":{"emulator":{"name":"functions"},"message":"[runtime-status] [89168] Resolved module firebase-functions {\"declared\":true,\"installed\":true,\"version\":\"3.12.0\",\"resolution\":\"/Users/karanchauhan/Development/Personal Projects/Amazon-Clone/emporium/functions/node_modules/firebase-functions/lib/index.js\"}"}}
[debug] [2020-12-02T02:56:19.440Z] [runtime-status] [89168] Checked functions.config() {"config":{}} {"metadata":{"emulator":{"name":"functions"},"message":"[runtime-status] [89168] Checked functions.config() {\"config\":{}}"}}
[debug] [2020-12-02T02:56:19.440Z] [runtime-status] [89168] firebase-functions has been stubbed. {"functionsResolution":{"declared":true,"installed":true,"version":"3.12.0","resolution":"/Users/karanchauhan/Development/Personal Projects/Amazon-Clone/emporium/functions/node_modules/firebase-functions/lib/index.js"}} {"metadata":{"emulator":{"name":"functions"},"message":"[runtime-status] [89168] firebase-functions has been stubbed. {\"functionsResolution\":{\"declared\":true,\"installed\":true,\"version\":\"3.12.0\",\"resolution\":\"/Users/karanchauhan/Development/Personal Projects/Amazon-Clone/emporium/functions/node_modules/firebase-functions/lib/index.js\"}}"}}
[debug] [2020-12-02T02:56:19.440Z] [runtime-status] [89168] Resolved module firebase-functions {"declared":true,"installed":true,"version":"3.12.0","resolution":"/Users/karanchauhan/Development/Personal Projects/Amazon-Clone/emporium/functions/node_modules/firebase-functions/lib/index.js"} {"metadata":{"emulator":{"name":"functions"},"message":"[runtime-status] [89168] Resolved module firebase-functions {\"declared\":true,\"installed\":true,\"version\":\"3.12.0\",\"resolution\":\"/Users/karanchauhan/Development/Personal Projects/Amazon-Clone/emporium/functions/node_modules/firebase-functions/lib/index.js\"}"}}
[debug] [2020-12-02T02:56:19.441Z] [runtime-status] [89168] Resolved module firebase-admin {"declared":true,"installed":true,"version":"9.4.1","resolution":"/Users/karanchauhan/Development/Personal Projects/Amazon-Clone/emporium/functions/node_modules/firebase-admin/lib/index.js"} {"metadata":{"emulator":{"name":"functions"},"message":"[runtime-status] [89168] Resolved module firebase-admin {\"declared\":true,\"installed\":true,\"version\":\"9.4.1\",\"resolution\":\"/Users/karanchauhan/Development/Personal Projects/Amazon-Clone/emporium/functions/node_modules/firebase-admin/lib/index.js\"}"}}
[debug] [2020-12-02T02:56:19.442Z] [runtime-status] [89168] Resolved module firebase-functions {"declared":true,"installed":true,"version":"3.12.0","resolution":"/Users/karanchauhan/Development/Personal Projects/Amazon-Clone/emporium/functions/node_modules/firebase-functions/lib/index.js"} {"metadata":{"emulator":{"name":"functions"},"message":"[runtime-status] [89168] Resolved module firebase-functions {\"declared\":true,\"installed\":true,\"version\":\"3.12.0\",\"resolution\":\"/Users/karanchauhan/Development/Personal Projects/Amazon-Clone/emporium/functions/node_modules/firebase-functions/lib/index.js\"}"}}
[debug] [2020-12-02T02:56:19.442Z] [runtime-status] [89168] firebase-admin has been stubbed. {"adminResolution":{"declared":true,"installed":true,"version":"9.4.1","resolution":"/Users/karanchauhan/Development/Personal Projects/Amazon-Clone/emporium/functions/node_modules/firebase-admin/lib/index.js"}} {"metadata":{"emulator":{"name":"functions"},"message":"[runtime-status] [89168] firebase-admin has been stubbed. {\"adminResolution\":{\"declared\":true,\"installed\":true,\"version\":\"9.4.1\",\"resolution\":\"/Users/karanchauhan/Development/Personal Projects/Amazon-Clone/emporium/functions/node_modules/firebase-admin/lib/index.js\"}}"}}
[debug] [2020-12-02T02:56:19.564Z] [worker-~diagnostic~-6b5aa878-8c56-4ea0-8db7-433585e2b8ce]: IDLE {"metadata":{"emulator":{"name":"functions"},"message":"[worker-~diagnostic~-6b5aa878-8c56-4ea0-8db7-433585e2b8ce]: IDLE"}}
[debug] [2020-12-02T02:56:20.138Z] File /Users/karanchauhan/Development/Personal Projects/Amazon-Clone/emporium/functions/index.js changed, reloading triggers {"metadata":{"emulator":{"name":"functions"},"message":"File /Users/karanchauhan/Development/Personal Projects/Amazon-Clone/emporium/functions/index.js changed, reloading triggers"}}
[debug] [2020-12-02T02:56:21.141Z] [worker-pool] Shutting down IDLE worker (~diagnostic~) {"metadata":{"emulator":{"name":"functions"},"message":"[worker-pool] Shutting down IDLE worker (~diagnostic~)"}}
[debug] [2020-12-02T02:56:21.141Z] [worker-~diagnostic~-6b5aa878-8c56-4ea0-8db7-433585e2b8ce]: FINISHING {"metadata":{"emulator":{"name":"functions"},"message":"[worker-~diagnostic~-6b5aa878-8c56-4ea0-8db7-433585e2b8ce]: FINISHING"}}
[debug] [2020-12-02T02:56:21.142Z] [worker-pool] Cleaned up workers for ~diagnostic~: 2 --> 1 {"metadata":{"emulator":{"name":"functions"},"message":"[worker-pool] Cleaned up workers for ~diagnostic~: 2 --> 1"}}
[debug] [2020-12-02T02:56:21.142Z] [worker-pool] Cleaned up workers for api: 1 --> 0 {"metadata":{"emulator":{"name":"functions"},"message":"[worker-pool] Cleaned up workers for api: 1 --> 0"}}
[debug] [2020-12-02T02:56:21.148Z] [worker-pool] addWorker(~diagnostic~) {"metadata":{"emulator":{"name":"functions"},"message":"[worker-pool] addWorker(~diagnostic~)"}}
[debug] [2020-12-02T02:56:21.148Z] [worker-pool] Adding worker with key ~diagnostic~, total=2 {"metadata":{"emulator":{"name":"functions"},"message":"[worker-pool] Adding worker with key ~diagnostic~, total=2"}}
[debug] [2020-12-02T02:56:21.149Z] [worker-pool] submitWork(triggerId=) {"metadata":{"emulator":{"name":"functions"},"message":"[worker-pool] submitWork(triggerId=)"}}
[debug] [2020-12-02T02:56:21.149Z] [worker-~diagnostic~-2f187601-d9f7-4e34-8384-1c0e8cef41ac]: Assigning socketPath: /var/folders/p8/0zglc_fj7d7_zjfgnl1sg3yr0000gn/T/fire_emu_89176.sock {"metadata":{"emulator":{"name":"functions"},"message":"[worker-~diagnostic~-2f187601-d9f7-4e34-8384-1c0e8cef41ac]: Assigning socketPath: /var/folders/p8/0zglc_fj7d7_zjfgnl1sg3yr0000gn/T/fire_emu_89176.sock"}}
[debug] [2020-12-02T02:56:21.149Z] [worker-~diagnostic~-2f187601-d9f7-4e34-8384-1c0e8cef41ac]: BUSY {"metadata":{"emulator":{"name":"functions"},"message":"[worker-~diagnostic~-2f187601-d9f7-4e34-8384-1c0e8cef41ac]: BUSY"}}
[debug] [2020-12-02T02:56:21.150Z] [worker-~diagnostic~-6b5aa878-8c56-4ea0-8db7-433585e2b8ce]: exited {"metadata":{"emulator":{"name":"functions"},"message":"[worker-~diagnostic~-6b5aa878-8c56-4ea0-8db7-433585e2b8ce]: exited"}}
[debug] [2020-12-02T02:56:21.151Z] [worker-~diagnostic~-6b5aa878-8c56-4ea0-8db7-433585e2b8ce]: FINISHED {"metadata":{"emulator":{"name":"functions"},"message":"[worker-~diagnostic~-6b5aa878-8c56-4ea0-8db7-433585e2b8ce]: FINISHED"}}
[debug] [2020-12-02T02:56:21.460Z] [runtime-status] [89176] Functions runtime initialized. {"cwd":"/Users/karanchauhan/Development/Personal Projects/Amazon-Clone/emporium/functions","node_version":"14.5.0"} {"metadata":{"emulator":{"name":"functions"},"message":"[runtime-status] [89176] Functions runtime initialized. {\"cwd\":\"/Users/karanchauhan/Development/Personal Projects/Amazon-Clone/emporium/functions\",\"node_version\":\"14.5.0\"}"}}
[debug] [2020-12-02T02:56:21.461Z] [runtime-status] [89176] Disabled runtime features: undefined {"metadata":{"emulator":{"name":"functions"},"message":"[runtime-status] [89176] Disabled runtime features: undefined"}}
[debug] [2020-12-02T02:56:21.464Z] [runtime-status] [89176] Resolved module firebase-admin {"declared":true,"installed":true,"version":"9.4.1","resolution":"/Users/karanchauhan/Development/Personal Projects/Amazon-Clone/emporium/functions/node_modules/firebase-admin/lib/index.js"} {"metadata":{"emulator":{"name":"functions"},"message":"[runtime-status] [89176] Resolved module firebase-admin {\"declared\":true,\"installed\":true,\"version\":\"9.4.1\",\"resolution\":\"/Users/karanchauhan/Development/Personal Projects/Amazon-Clone/emporium/functions/node_modules/firebase-admin/lib/index.js\"}"}}
[debug] [2020-12-02T02:56:21.466Z] [runtime-status] [89176] Resolved module firebase-functions {"declared":true,"installed":true,"version":"3.12.0","resolution":"/Users/karanchauhan/Development/Personal Projects/Amazon-Clone/emporium/functions/node_modules/firebase-functions/lib/index.js"} {"metadata":{"emulator":{"name":"functions"},"message":"[runtime-status] [89176] Resolved module firebase-functions {\"declared\":true,\"installed\":true,\"version\":\"3.12.0\",\"resolution\":\"/Users/karanchauhan/Development/Personal Projects/Amazon-Clone/emporium/functions/node_modules/firebase-functions/lib/index.js\"}"}}
[debug] [2020-12-02T02:56:21.471Z] [runtime-status] [89176] Resolved module firebase-functions {"declared":true,"installed":true,"version":"3.12.0","resolution":"/Users/karanchauhan/Development/Personal Projects/Amazon-Clone/emporium/functions/node_modules/firebase-functions/lib/index.js"} {"metadata":{"emulator":{"name":"functions"},"message":"[runtime-status] [89176] Resolved module firebase-functions {\"declared\":true,\"installed\":true,\"version\":\"3.12.0\",\"resolution\":\"/Users/karanchauhan/Development/Personal Projects/Amazon-Clone/emporium/functions/node_modules/firebase-functions/lib/index.js\"}"}}
[debug] [2020-12-02T02:56:21.474Z] [runtime-status] [89176] Outgoing network have been stubbed. [{"name":"http","status":"mocked"},{"name":"http","status":"mocked"},{"name":"https","status":"mocked"},{"name":"https","status":"mocked"},{"name":"net","status":"mocked"}] {"metadata":{"emulator":{"name":"functions"},"message":"[runtime-status] [89176] Outgoing network have been stubbed. [{\"name\":\"http\",\"status\":\"mocked\"},{\"name\":\"http\",\"status\":\"mocked\"},{\"name\":\"https\",\"status\":\"mocked\"},{\"name\":\"https\",\"status\":\"mocked\"},{\"name\":\"net\",\"status\":\"mocked\"}]"}}
[debug] [2020-12-02T02:56:21.475Z] [runtime-status] [89176] Resolved module firebase-functions {"declared":true,"installed":true,"version":"3.12.0","resolution":"/Users/karanchauhan/Development/Personal Projects/Amazon-Clone/emporium/functions/node_modules/firebase-functions/lib/index.js"} {"metadata":{"emulator":{"name":"functions"},"message":"[runtime-status] [89176] Resolved module firebase-functions {\"declared\":true,\"installed\":true,\"version\":\"3.12.0\",\"resolution\":\"/Users/karanchauhan/Development/Personal Projects/Amazon-Clone/emporium/functions/node_modules/firebase-functions/lib/index.js\"}"}}
[debug] [2020-12-02T02:56:21.529Z] [runtime-status] [89176] Checked functions.config() {"config":{}} {"metadata":{"emulator":{"name":"functions"},"message":"[runtime-status] [89176] Checked functions.config() {\"config\":{}}"}}
[debug] [2020-12-02T02:56:21.530Z] [runtime-status] [89176] firebase-functions has been stubbed. {"functionsResolution":{"declared":true,"installed":true,"version":"3.12.0","resolution":"/Users/karanchauhan/Development/Personal Projects/Amazon-Clone/emporium/functions/node_modules/firebase-functions/lib/index.js"}} {"metadata":{"emulator":{"name":"functions"},"message":"[runtime-status] [89176] firebase-functions has been stubbed. {\"functionsResolution\":{\"declared\":true,\"installed\":true,\"version\":\"3.12.0\",\"resolution\":\"/Users/karanchauhan/Development/Personal Projects/Amazon-Clone/emporium/functions/node_modules/firebase-functions/lib/index.js\"}}"}}
[debug] [2020-12-02T02:56:21.530Z] [runtime-status] [89176] Resolved module firebase-functions {"declared":true,"installed":true,"version":"3.12.0","resolution":"/Users/karanchauhan/Development/Personal Projects/Amazon-Clone/emporium/functions/node_modules/firebase-functions/lib/index.js"} {"metadata":{"emulator":{"name":"functions"},"message":"[runtime-status] [89176] Resolved module firebase-functions {\"declared\":true,\"installed\":true,\"version\":\"3.12.0\",\"resolution\":\"/Users/karanchauhan/Development/Personal Projects/Amazon-Clone/emporium/functions/node_modules/firebase-functions/lib/index.js\"}"}}
[debug] [2020-12-02T02:56:21.532Z] [runtime-status] [89176] Resolved module firebase-admin {"declared":true,"installed":true,"version":"9.4.1","resolution":"/Users/karanchauhan/Development/Personal Projects/Amazon-Clone/emporium/functions/node_modules/firebase-admin/lib/index.js"} {"metadata":{"emulator":{"name":"functions"},"message":"[runtime-status] [89176] Resolved module firebase-admin {\"declared\":true,\"installed\":true,\"version\":\"9.4.1\",\"resolution\":\"/Users/karanchauhan/Development/Personal Projects/Amazon-Clone/emporium/functions/node_modules/firebase-admin/lib/index.js\"}"}}
[debug] [2020-12-02T02:56:21.532Z] [runtime-status] [89176] Resolved module firebase-functions {"declared":true,"installed":true,"version":"3.12.0","resolution":"/Users/karanchauhan/Development/Personal Projects/Amazon-Clone/emporium/functions/node_modules/firebase-functions/lib/index.js"} {"metadata":{"emulator":{"name":"functions"},"message":"[runtime-status] [89176] Resolved module firebase-functions {\"declared\":true,\"installed\":true,\"version\":\"3.12.0\",\"resolution\":\"/Users/karanchauhan/Development/Personal Projects/Amazon-Clone/emporium/functions/node_modules/firebase-functions/lib/index.js\"}"}}
[debug] [2020-12-02T02:56:21.533Z] [runtime-status] [89176] firebase-admin has been stubbed. {"adminResolution":{"declared":true,"installed":true,"version":"9.4.1","resolution":"/Users/karanchauhan/Development/Personal Projects/Amazon-Clone/emporium/functions/node_modules/firebase-admin/lib/index.js"}} {"metadata":{"emulator":{"name":"functions"},"message":"[runtime-status] [89176] firebase-admin has been stubbed. {\"adminResolution\":{\"declared\":true,\"installed\":true,\"version\":\"9.4.1\",\"resolution\":\"/Users/karanchauhan/Development/Personal Projects/Amazon-Clone/emporium/functions/node_modules/firebase-admin/lib/index.js\"}}"}}
[debug] [2020-12-02T02:56:21.661Z] [worker-~diagnostic~-2f187601-d9f7-4e34-8384-1c0e8cef41ac]: IDLE {"metadata":{"emulator":{"name":"functions"},"message":"[worker-~diagnostic~-2f187601-d9f7-4e34-8384-1c0e8cef41ac]: IDLE"}}
[debug] [2020-12-02T02:56:24.102Z] File /Users/karanchauhan/Development/Personal Projects/Amazon-Clone/emporium/functions/index.js changed, reloading triggers {"metadata":{"emulator":{"name":"functions"},"message":"File /Users/karanchauhan/Development/Personal Projects/Amazon-Clone/emporium/functions/index.js changed, reloading triggers"}}
[debug] [2020-12-02T02:56:25.105Z] [worker-pool] Shutting down IDLE worker (~diagnostic~) {"metadata":{"emulator":{"name":"functions"},"message":"[worker-pool] Shutting down IDLE worker (~diagnostic~)"}}
[debug] [2020-12-02T02:56:25.105Z] [worker-~diagnostic~-2f187601-d9f7-4e34-8384-1c0e8cef41ac]: FINISHING {"metadata":{"emulator":{"name":"functions"},"message":"[worker-~diagnostic~-2f187601-d9f7-4e34-8384-1c0e8cef41ac]: FINISHING"}}
[debug] [2020-12-02T02:56:25.106Z] [worker-pool] Cleaned up workers for ~diagnostic~: 2 --> 1 {"metadata":{"emulator":{"name":"functions"},"message":"[worker-pool] Cleaned up workers for ~diagnostic~: 2 --> 1"}}
[debug] [2020-12-02T02:56:25.110Z] [worker-pool] addWorker(~diagnostic~) {"metadata":{"emulator":{"name":"functions"},"message":"[worker-pool] addWorker(~diagnostic~)"}}
[debug] [2020-12-02T02:56:25.111Z] [worker-pool] Adding worker with key ~diagnostic~, total=2 {"metadata":{"emulator":{"name":"functions"},"message":"[worker-pool] Adding worker with key ~diagnostic~, total=2"}}
[debug] [2020-12-02T02:56:25.111Z] [worker-pool] submitWork(triggerId=) {"metadata":{"emulator":{"name":"functions"},"message":"[worker-pool] submitWork(triggerId=)"}}
[debug] [2020-12-02T02:56:25.111Z] [worker-~diagnostic~-ff53323f-f6c0-4a52-ab7b-7db9a0a2514a]: Assigning socketPath: /var/folders/p8/0zglc_fj7d7_zjfgnl1sg3yr0000gn/T/fire_emu_89184.sock {"metadata":{"emulator":{"name":"functions"},"message":"[worker-~diagnostic~-ff53323f-f6c0-4a52-ab7b-7db9a0a2514a]: Assigning socketPath: /var/folders/p8/0zglc_fj7d7_zjfgnl1sg3yr0000gn/T/fire_emu_89184.sock"}}
[debug] [2020-12-02T02:56:25.112Z] [worker-~diagnostic~-ff53323f-f6c0-4a52-ab7b-7db9a0a2514a]: BUSY {"metadata":{"emulator":{"name":"functions"},"message":"[worker-~diagnostic~-ff53323f-f6c0-4a52-ab7b-7db9a0a2514a]: BUSY"}}
[debug] [2020-12-02T02:56:25.113Z] [worker-~diagnostic~-2f187601-d9f7-4e34-8384-1c0e8cef41ac]: exited {"metadata":{"emulator":{"name":"functions"},"message":"[worker-~diagnostic~-2f187601-d9f7-4e34-8384-1c0e8cef41ac]: exited"}}
[debug] [2020-12-02T02:56:25.113Z] [worker-~diagnostic~-2f187601-d9f7-4e34-8384-1c0e8cef41ac]: FINISHED {"metadata":{"emulator":{"name":"functions"},"message":"[worker-~diagnostic~-2f187601-d9f7-4e34-8384-1c0e8cef41ac]: FINISHED"}}
[debug] [2020-12-02T02:56:25.393Z] [runtime-status] [89184] Functions runtime initialized. {"cwd":"/Users/karanchauhan/Development/Personal Projects/Amazon-Clone/emporium/functions","node_version":"14.5.0"} {"metadata":{"emulator":{"name":"functions"},"message":"[runtime-status] [89184] Functions runtime initialized. {\"cwd\":\"/Users/karanchauhan/Development/Personal Projects/Amazon-Clone/emporium/functions\",\"node_version\":\"14.5.0\"}"}}
[debug] [2020-12-02T02:56:25.394Z] [runtime-status] [89184] Disabled runtime features: undefined {"metadata":{"emulator":{"name":"functions"},"message":"[runtime-status] [89184] Disabled runtime features: undefined"}}
[debug] [2020-12-02T02:56:25.397Z] [runtime-status] [89184] Resolved module firebase-admin {"declared":true,"installed":true,"version":"9.4.1","resolution":"/Users/karanchauhan/Development/Personal Projects/Amazon-Clone/emporium/functions/node_modules/firebase-admin/lib/index.js"} {"metadata":{"emulator":{"name":"functions"},"message":"[runtime-status] [89184] Resolved module firebase-admin {\"declared\":true,\"installed\":true,\"version\":\"9.4.1\",\"resolution\":\"/Users/karanchauhan/Development/Personal Projects/Amazon-Clone/emporium/functions/node_modules/firebase-admin/lib/index.js\"}"}}
[debug] [2020-12-02T02:56:25.399Z] [runtime-status] [89184] Resolved module firebase-functions {"declared":true,"installed":true,"version":"3.12.0","resolution":"/Users/karanchauhan/Development/Personal Projects/Amazon-Clone/emporium/functions/node_modules/firebase-functions/lib/index.js"} {"metadata":{"emulator":{"name":"functions"},"message":"[runtime-status] [89184] Resolved module firebase-functions {\"declared\":true,\"installed\":true,\"version\":\"3.12.0\",\"resolution\":\"/Users/karanchauhan/Development/Personal Projects/Amazon-Clone/emporium/functions/node_modules/firebase-functions/lib/index.js\"}"}}
[debug] [2020-12-02T02:56:25.400Z] [runtime-status] [89184] Resolved module firebase-functions {"declared":true,"installed":true,"version":"3.12.0","resolution":"/Users/karanchauhan/Development/Personal Projects/Amazon-Clone/emporium/functions/node_modules/firebase-functions/lib/index.js"} {"metadata":{"emulator":{"name":"functions"},"message":"[runtime-status] [89184] Resolved module firebase-functions {\"declared\":true,\"installed\":true,\"version\":\"3.12.0\",\"resolution\":\"/Users/karanchauhan/Development/Personal Projects/Amazon-Clone/emporium/functions/node_modules/firebase-functions/lib/index.js\"}"}}
[debug] [2020-12-02T02:56:25.402Z] [runtime-status] [89184] Outgoing network have been stubbed. [{"name":"http","status":"mocked"},{"name":"http","status":"mocked"},{"name":"https","status":"mocked"},{"name":"https","status":"mocked"},{"name":"net","status":"mocked"}] {"metadata":{"emulator":{"name":"functions"},"message":"[runtime-status] [89184] Outgoing network have been stubbed. [{\"name\":\"http\",\"status\":\"mocked\"},{\"name\":\"http\",\"status\":\"mocked\"},{\"name\":\"https\",\"status\":\"mocked\"},{\"name\":\"https\",\"status\":\"mocked\"},{\"name\":\"net\",\"status\":\"mocked\"}]"}}
[debug] [2020-12-02T02:56:25.402Z] [runtime-status] [89184] Resolved module firebase-functions {"declared":true,"installed":true,"version":"3.12.0","resolution":"/Users/karanchauhan/Development/Personal Projects/Amazon-Clone/emporium/functions/node_modules/firebase-functions/lib/index.js"} {"metadata":{"emulator":{"name":"functions"},"message":"[runtime-status] [89184] Resolved module firebase-functions {\"declared\":true,\"installed\":true,\"version\":\"3.12.0\",\"resolution\":\"/Users/karanchauhan/Development/Personal Projects/Amazon-Clone/emporium/functions/node_modules/firebase-functions/lib/index.js\"}"}}
[debug] [2020-12-02T02:56:25.463Z] [runtime-status] [89184] Checked functions.config() {"config":{}} {"metadata":{"emulator":{"name":"functions"},"message":"[runtime-status] [89184] Checked functions.config() {\"config\":{}}"}}
[debug] [2020-12-02T02:56:25.466Z] [runtime-status] [89184] firebase-functions has been stubbed. {"functionsResolution":{"declared":true,"installed":true,"version":"3.12.0","resolution":"/Users/karanchauhan/Development/Personal Projects/Amazon-Clone/emporium/functions/node_modules/firebase-functions/lib/index.js"}} {"metadata":{"emulator":{"name":"functions"},"message":"[runtime-status] [89184] firebase-functions has been stubbed. {\"functionsResolution\":{\"declared\":true,\"installed\":true,\"version\":\"3.12.0\",\"resolution\":\"/Users/karanchauhan/Development/Personal Projects/Amazon-Clone/emporium/functions/node_modules/firebase-functions/lib/index.js\"}}"}}
[debug] [2020-12-02T02:56:25.466Z] [runtime-status] [89184] Resolved module firebase-functions {"declared":true,"installed":true,"version":"3.12.0","resolution":"/Users/karanchauhan/Development/Personal Projects/Amazon-Clone/emporium/functions/node_modules/firebase-functions/lib/index.js"} {"metadata":{"emulator":{"name":"functions"},"message":"[runtime-status] [89184] Resolved module firebase-functions {\"declared\":true,\"installed\":true,\"version\":\"3.12.0\",\"resolution\":\"/Users/karanchauhan/Development/Personal Projects/Amazon-Clone/emporium/functions/node_modules/firebase-functions/lib/index.js\"}"}}
[debug] [2020-12-02T02:56:25.466Z] [runtime-status] [89184] Resolved module firebase-admin {"declared":true,"installed":true,"version":"9.4.1","resolution":"/Users/karanchauhan/Development/Personal Projects/Amazon-Clone/emporium/functions/node_modules/firebase-admin/lib/index.js"} {"metadata":{"emulator":{"name":"functions"},"message":"[runtime-status] [89184] Resolved module firebase-admin {\"declared\":true,\"installed\":true,\"version\":\"9.4.1\",\"resolution\":\"/Users/karanchauhan/Development/Personal Projects/Amazon-Clone/emporium/functions/node_modules/firebase-admin/lib/index.js\"}"}}
[debug] [2020-12-02T02:56:25.466Z] [runtime-status] [89184] Resolved module firebase-functions {"declared":true,"installed":true,"version":"3.12.0","resolution":"/Users/karanchauhan/Development/Personal Projects/Amazon-Clone/emporium/functions/node_modules/firebase-functions/lib/index.js"} {"metadata":{"emulator":{"name":"functions"},"message":"[runtime-status] [89184] Resolved module firebase-functions {\"declared\":true,\"installed\":true,\"version\":\"3.12.0\",\"resolution\":\"/Users/karanchauhan/Development/Personal Projects/Amazon-Clone/emporium/functions/node_modules/firebase-functions/lib/index.js\"}"}}
[debug] [2020-12-02T02:56:25.467Z] [runtime-status] [89184] firebase-admin has been stubbed. {"adminResolution":{"declared":true,"installed":true,"version":"9.4.1","resolution":"/Users/karanchauhan/Development/Personal Projects/Amazon-Clone/emporium/functions/node_modules/firebase-admin/lib/index.js"}} {"metadata":{"emulator":{"name":"functions"},"message":"[runtime-status] [89184] firebase-admin has been stubbed. {\"adminResolution\":{\"declared\":true,\"installed\":true,\"version\":\"9.4.1\",\"resolution\":\"/Users/karanchauhan/Development/Personal Projects/Amazon-Clone/emporium/functions/node_modules/firebase-admin/lib/index.js\"}}"}}
[debug] [2020-12-02T02:56:25.609Z] [worker-~diagnostic~-ff53323f-f6c0-4a52-ab7b-7db9a0a2514a]: IDLE {"metadata":{"emulator":{"name":"functions"},"message":"[worker-~diagnostic~-ff53323f-f6c0-4a52-ab7b-7db9a0a2514a]: IDLE"}}
